<?xml version="1.0" encoding="UTF-8"?>
<!-- Generated by org.testng.reporters.JUnitReportReporter -->
<testsuite skipped="0" hostname="user-PC" name="JenkinsPratice.P1" tests="1" failures="0" timestamp="31 Dec 2020 04:51:12 GMT" time="9.266" errors="0">
  <testcase name="tc_01" time="9.266" classname="JenkinsPratice.P1"/>
</testsuite> <!-- JenkinsPratice.P1 -->
